Build started 9/22/2015 12:18:05 PM.
     1>Project "D:\Visual Studio n other docs\Visual Studio 2012\Projects\exceptional Handling\class Rectangle\class Rectangle\class Rectangle.vcxproj" on node 2 (Build target(s)).
     1>Link:
         C:\Program Files (x86)\Microsoft Visual Studio 11.0\VC\bin\link.exe /ERRORREPORT:PROMPT /OUT:"D:\Visual Studio n other docs\Visual Studio 2012\Projects\exceptional Handling\class Rectangle\Debug\class Rectangle.exe" /INCREMENTAL /NOLOGO kernel32.lib user32.lib gdi32.lib winspool.lib comdlg32.lib advapi32.lib shell32.lib ole32.lib oleaut32.lib uuid.lib odbc32.lib odbccp32.lib /MANIFEST /MANIFESTUAC:"level='asInvoker' uiAccess='false'" /manifest:embed /DEBUG /PDB:"D:\Visual Studio n other docs\Visual Studio 2012\Projects\exceptional Handling\class Rectangle\Debug\class Rectangle.pdb" /SUBSYSTEM:CONSOLE /TLBID:1 /DYNAMICBASE /NXCOMPAT /IMPLIB:"D:\Visual Studio n other docs\Visual Studio 2012\Projects\exceptional Handling\class Rectangle\Debug\class Rectangle.lib" /MACHINE:X86 Debug\Rectangle.obj
     1>MSVCRTD.lib(crtexe.obj) : error LNK2019: unresolved external symbol _main referenced in function ___tmainCRTStartup
     1>D:\Visual Studio n other docs\Visual Studio 2012\Projects\exceptional Handling\class Rectangle\Debug\class Rectangle.exe : fatal error LNK1120: 1 unresolved externals
     1>Done Building Project "D:\Visual Studio n other docs\Visual Studio 2012\Projects\exceptional Handling\class Rectangle\class Rectangle\class Rectangle.vcxproj" (Build target(s)) -- FAILED.

Build FAILED.

Time Elapsed 00:00:00.42
