Build started 5/31/2014 11:16:42 AM.
     1>Project "E:\Amna\lab 10\inheritance\inheritance\inheritance.vcxproj" on node 2 (Build target(s)).
     1>ClCompile:
         C:\Program Files\Microsoft Visual Studio 12.0\VC\bin\CL.exe /c /ZI /nologo /W3 /WX- /sdl /Od /Oy- /D WIN32 /D _DEBUG /D _CONSOLE /D _LIB /D _UNICODE /D UNICODE /Gm /EHsc /RTC1 /MDd /GS /fp:precise /Zc:wchar_t /Zc:forScope /Fo"Debug\\" /Fd"Debug\vc120.pdb" /Gd /TP /analyze- /errorReport:prompt driver.cpp
         driver.cpp
       Link:
         C:\Program Files\Microsoft Visual Studio 12.0\VC\bin\link.exe /ERRORREPORT:PROMPT /OUT:"E:\Amna\lab 10\inheritance\Debug\inheritance.exe" /INCREMENTAL /NOLOGO kernel32.lib user32.lib gdi32.lib winspool.lib comdlg32.lib advapi32.lib shell32.lib ole32.lib oleaut32.lib uuid.lib odbc32.lib odbccp32.lib /MANIFEST /MANIFESTUAC:"level='asInvoker' uiAccess='false'" /manifest:embed /DEBUG /PDB:"E:\Amna\lab 10\inheritance\Debug\inheritance.pdb" /SUBSYSTEM:CONSOLE /TLBID:1 /DYNAMICBASE /NXCOMPAT /IMPLIB:"E:\Amna\lab 10\inheritance\Debug\inheritance.lib" /MACHINE:X86 Debug\driver.obj
         Debug\person.obj
         Debug\student.obj
     1>student.obj : error LNK2019: unresolved external symbol "public: void __thiscall person::setage(int)" (?setage@person@@QAEXH@Z) referenced in function "public: void __thiscall student::setdata(char *,int,int,int)" (?setdata@student@@QAEXPADHHH@Z)
     1>E:\Amna\lab 10\inheritance\Debug\inheritance.exe : fatal error LNK1120: 1 unresolved externals
     1>Done Building Project "E:\Amna\lab 10\inheritance\inheritance\inheritance.vcxproj" (Build target(s)) -- FAILED.

Build FAILED.

Time Elapsed 00:00:01.26
